TN:
SF:lib/sdapi.ts
FN:47,buildEmbeddingsPrompt
FN:49,(anonymous_1)
FN:53,enrichPrompt
FN:58,buildRequestBody
FN:78,parseSdResponse
FN:86,buildPreviewPath
FN:90,buildGalleryPath
FN:99,buildMkdirCommand
FN:103,fetchModels
FN:109,fetchEmbeddings
FN:115,generateImage
FNF:11
FNH:11
FNDA:13,buildEmbeddingsPrompt
FNDA:16,(anonymous_1)
FNDA:19,enrichPrompt
FNDA:13,buildRequestBody
FNDA:11,parseSdResponse
FNDA:5,buildPreviewPath
FNDA:9,buildGalleryPath
FNDA:6,buildMkdirCommand
FNDA:2,fetchModels
FNDA:2,fetchEmbeddings
FNDA:6,generateImage
DA:39,11
DA:48,13
DA:49,16
DA:54,19
DA:55,7
DA:59,13
DA:61,13
DA:71,13
DA:72,4
DA:75,13
DA:79,11
DA:80,11
DA:81,4
DA:83,7
DA:87,5
DA:91,9
DA:92,9
DA:93,9
DA:100,6
DA:104,2
DA:105,2
DA:106,1
DA:110,2
DA:111,2
DA:112,1
DA:116,6
DA:118,6
DA:124,6
DA:125,1
DA:126,1
DA:129,5
DA:130,5
DA:131,5
DA:132,1
DA:135,4
DA:136,4
DA:138,4
DA:139,4
DA:141,4
DA:143,4
DA:144,4
DA:145,4
DA:146,3
DA:149,4
LF:44
LH:44
BRDA:54,0,0,12
BRDA:54,0,1,7
BRDA:54,1,0,19
BRDA:54,1,1,17
BRDA:59,2,0,13
BRDA:59,2,1,9
BRDA:64,3,0,13
BRDA:64,3,1,10
BRDA:65,4,0,13
BRDA:65,4,1,10
BRDA:66,5,0,13
BRDA:66,5,1,11
BRDA:67,6,0,13
BRDA:67,6,1,11
BRDA:68,7,0,13
BRDA:68,7,1,11
BRDA:71,8,0,4
BRDA:71,8,1,9
BRDA:80,9,0,4
BRDA:80,9,1,7
BRDA:105,10,0,1
BRDA:105,10,1,1
BRDA:111,11,0,1
BRDA:111,11,1,1
BRDA:124,12,0,1
BRDA:124,12,1,5
BRDA:131,13,0,1
BRDA:131,13,1,4
BRDA:145,14,0,3
BRDA:145,14,1,1
BRF:30
BRH:30
end_of_record
TN:
SF:lib/sdsetup.ts
FN:14,getHomeDir
FN:18,fileExists
FN:22,checkApiReachable
FN:33,buildCommonPaths
FN:42,buildCommonInstallPaths
FN:46,buildWebuiPaths
FN:47,(anonymous_6)
FN:50,detectInstalledWebui
FN:62,getInstallPath
FN:66,buildInstallCommand
FN:70,buildLaunchCommand
FN:74,checkSetup
FN:91,getLaunchCommand
FN:97,getInstallCommand
FNF:14
FNH:14
FNDA:14,getHomeDir
FNDA:39,fileExists
FNDA:4,checkApiReachable
FNDA:16,buildCommonPaths
FNDA:1,buildCommonInstallPaths
FNDA:15,buildWebuiPaths
FNDA:60,(anonymous_6)
FNDA:13,detectInstalledWebui
FNDA:8,getInstallPath
FNDA:8,buildInstallCommand
FNDA:4,buildLaunchCommand
FNDA:8,checkSetup
FNDA:2,getLaunchCommand
FNDA:2,getInstallCommand
DA:3,13
DA:15,14
DA:19,39
DA:23,4
DA:24,4
DA:27,1
DA:29,3
DA:34,16
DA:43,1
DA:47,60
DA:51,13
DA:52,13
DA:53,13
DA:54,13
DA:55,38
DA:56,5
DA:59,8
DA:63,8
DA:67,8
DA:71,4
DA:75,8
DA:76,8
DA:77,8
DA:78,2
DA:81,6
DA:82,6
DA:83,1
DA:86,5
DA:87,5
DA:88,5
DA:92,2
DA:93,2
DA:94,1
DA:98,2
DA:99,2
LF:35
LH:35
BRDA:51,0,0,13
BRDA:51,0,1,8
BRDA:52,1,0,13
BRDA:52,1,1,12
BRDA:55,2,0,5
BRDA:55,2,1,33
BRDA:75,3,0,8
BRDA:75,3,1,4
BRDA:77,4,0,2
BRDA:77,4,1,6
BRDA:82,5,0,1
BRDA:82,5,1,5
BRDA:93,6,0,1
BRDA:93,6,1,1
BRF:14
BRH:14
end_of_record
